<?xml version="1.0" encoding="UTF-8"?>
<!-- Generated by org.testng.reporters.JUnitReportReporter -->
<testsuite hostname="MONO-HYD-LAP397" failures="0" tests="1" name="com.demo.testcases.TC_001" time="8.395" errors="0" timestamp="2023-12-07T15:07:04 IST" skipped="0">
  <testcase classname="com.demo.testcases.TC_001" name="test" time="8.395"/>
</testsuite> <!-- com.demo.testcases.TC_001 -->
